Generated at 2016-03-11 12:03:46 +1300
NameError: greeting[Ohai] (greeting::default line 19) had an error: NameError: No resource, method, or local variable named `new_' for `LWRP provider greeting from cookbook greeting ""'
/opt/chefdk/embedded/lib/ruby/gems/2.1.0/gems/chef-12.7.2/lib/chef/dsl/recipe.rb:104:in `rescue in method_missing'
/opt/chefdk/embedded/lib/ruby/gems/2.1.0/gems/chef-12.7.2/lib/chef/dsl/recipe.rb:99:in `method_missing'
/home/rohitg/git/chef-repo/.chef/local-mode-cache/cache/cookbooks/greeting/providers/default.rb:2:in `block in class_from_file'
/opt/chefdk/embedded/lib/ruby/gems/2.1.0/gems/chef-12.7.2/lib/chef/provider/lwrp_base.rb:87:in `instance_eval'
/opt/chefdk/embedded/lib/ruby/gems/2.1.0/gems/chef-12.7.2/lib/chef/provider/lwrp_base.rb:87:in `block in action'
/opt/chefdk/embedded/lib/ruby/gems/2.1.0/gems/chef-12.7.2/lib/chef/provider.rb:144:in `run_action'
/opt/chefdk/embedded/lib/ruby/gems/2.1.0/gems/chef-12.7.2/lib/chef/resource.rb:596:in `run_action'
/opt/chefdk/embedded/lib/ruby/gems/2.1.0/gems/chef-12.7.2/lib/chef/runner.rb:73:in `run_action'
/opt/chefdk/embedded/lib/ruby/gems/2.1.0/gems/chef-12.7.2/lib/chef/runner.rb:105:in `block (2 levels) in converge'
/opt/chefdk/embedded/lib/ruby/gems/2.1.0/gems/chef-12.7.2/lib/chef/runner.rb:105:in `each'
/opt/chefdk/embedded/lib/ruby/gems/2.1.0/gems/chef-12.7.2/lib/chef/runner.rb:105:in `block in converge'
/opt/chefdk/embedded/lib/ruby/gems/2.1.0/gems/chef-12.7.2/lib/chef/resource_collection/resource_list.rb:83:in `block in execute_each_resource'
/opt/chefdk/embedded/lib/ruby/gems/2.1.0/gems/chef-12.7.2/lib/chef/resource_collection/stepable_iterator.rb:116:in `call'
/opt/chefdk/embedded/lib/ruby/gems/2.1.0/gems/chef-12.7.2/lib/chef/resource_collection/stepable_iterator.rb:116:in `call_iterator_block'
/opt/chefdk/embedded/lib/ruby/gems/2.1.0/gems/chef-12.7.2/lib/chef/resource_collection/stepable_iterator.rb:85:in `step'
/opt/chefdk/embedded/lib/ruby/gems/2.1.0/gems/chef-12.7.2/lib/chef/resource_collection/stepable_iterator.rb:104:in `iterate'
/opt/chefdk/embedded/lib/ruby/gems/2.1.0/gems/chef-12.7.2/lib/chef/resource_collection/stepable_iterator.rb:55:in `each_with_index'
/opt/chefdk/embedded/lib/ruby/gems/2.1.0/gems/chef-12.7.2/lib/chef/resource_collection/resource_list.rb:81:in `execute_each_resource'
/opt/chefdk/embedded/lib/ruby/gems/2.1.0/gems/chef-12.7.2/lib/chef/runner.rb:104:in `converge'
/opt/chefdk/embedded/lib/ruby/gems/2.1.0/gems/chef-12.7.2/lib/chef/client.rb:668:in `block in converge'
/opt/chefdk/embedded/lib/ruby/gems/2.1.0/gems/chef-12.7.2/lib/chef/client.rb:663:in `catch'
/opt/chefdk/embedded/lib/ruby/gems/2.1.0/gems/chef-12.7.2/lib/chef/client.rb:663:in `converge'
/opt/chefdk/embedded/lib/ruby/gems/2.1.0/gems/chef-12.7.2/lib/chef/client.rb:702:in `converge_and_save'
/opt/chefdk/embedded/lib/ruby/gems/2.1.0/gems/chef-12.7.2/lib/chef/client.rb:280:in `run'
/opt/chefdk/embedded/lib/ruby/gems/2.1.0/gems/chef-12.7.2/lib/chef/application.rb:270:in `block in fork_chef_client'
/opt/chefdk/embedded/lib/ruby/gems/2.1.0/gems/chef-12.7.2/lib/chef/application.rb:258:in `fork'
/opt/chefdk/embedded/lib/ruby/gems/2.1.0/gems/chef-12.7.2/lib/chef/application.rb:258:in `fork_chef_client'
/opt/chefdk/embedded/lib/ruby/gems/2.1.0/gems/chef-12.7.2/lib/chef/application.rb:223:in `block in run_chef_client'
/opt/chefdk/embedded/lib/ruby/gems/2.1.0/gems/chef-12.7.2/lib/chef/local_mode.rb:44:in `with_server_connectivity'
/opt/chefdk/embedded/lib/ruby/gems/2.1.0/gems/chef-12.7.2/lib/chef/application.rb:211:in `run_chef_client'
/opt/chefdk/embedded/lib/ruby/gems/2.1.0/gems/chef-12.7.2/lib/chef/application/client.rb:433:in `block in interval_run_chef_client'
/opt/chefdk/embedded/lib/ruby/gems/2.1.0/gems/chef-12.7.2/lib/chef/application/client.rb:423:in `loop'
/opt/chefdk/embedded/lib/ruby/gems/2.1.0/gems/chef-12.7.2/lib/chef/application/client.rb:423:in `interval_run_chef_client'
/opt/chefdk/embedded/lib/ruby/gems/2.1.0/gems/chef-12.7.2/lib/chef/application/client.rb:412:in `run_application'
/opt/chefdk/embedded/lib/ruby/gems/2.1.0/gems/chef-12.7.2/lib/chef/application.rb:58:in `run'
/opt/chefdk/embedded/lib/ruby/gems/2.1.0/gems/chef-12.7.2/bin/chef-client:26:in `<top (required)>'
/usr/bin/chef-client:50:in `load'
/usr/bin/chef-client:50:in `<main>'